#
# A fatal error has been detected by the Java Runtime Environment:
#
#  EXCEPTION_ACCESS_VIOLATION (0xc0000005) at pc=0x00007ffe1803505d, pid=113324, tid=112732
#
# JRE version: OpenJDK Runtime Environment (11.0.11+9) (build 11.0.11+9-b60-7590822)
# Java VM: OpenJDK 64-Bit Server VM (11.0.11+9-b60-7590822, mixed mode, tiered, compressed oops, g1 gc, windows-amd64)
# Problematic frame:
# V  [jvm.dll+0x2d505d]
#
# No core dump will be written. Minidumps are not enabled by default on client versions of Windows
#
# If you would like to submit a bug report, please visit:
#   https://bugreport.java.com/bugreport/crash.jsp
#

---------------  S U M M A R Y ------------

Command Line: --add-opens=java.base/java.util=ALL-UNNAMED --add-opens=java.base/java.lang=ALL-UNNAMED --add-opens=java.base/java.lang.invoke=ALL-UNNAMED --add-opens=java.base/java.util=ALL-UNNAMED --add-opens=java.prefs/java.util.prefs=ALL-UNNAMED --add-opens=java.prefs/java.util.prefs=ALL-UNNAMED --add-opens=java.base/java.nio.charset=ALL-UNNAMED --add-opens=java.base/java.net=ALL-UNNAMED --add-opens=java.base/java.util.concurrent.atomic=ALL-UNNAMED -Xmx2048m -Dfile.encoding=UTF-8 -Duser.country=US -Duser.language=en -Duser.variant org.gradle.launcher.daemon.bootstrap.GradleDaemon 7.2

Host: Intel(R) Core(TM) i5-8250U CPU @ 1.60GHz, 8 cores, 7G,  Windows 10 , 64 bit Build 19041 (10.0.19041.1151)
Time: Tue Feb  8 21:12:42 2022 Bangladesh Standard Time elapsed time: 5.032257 seconds (0d 0h 0m 5s)

---------------  T H R E A D  ---------------

Current thread (0x000002bcc4f61000):  GCTaskThread "GC Thread#7" [stack: 0x000000ff66900000,0x000000ff66a00000] [id=112732]

Stack: [0x000000ff66900000,0x000000ff66a00000],  sp=0x000000ff669ff0d0,  free space=1020k
Native frames: (J=compiled Java code, j=interpreted, Vv=VM code, C=native code)
V  [jvm.dll+0x2d505d]
V  [jvm.dll+0x2ff49f]
V  [jvm.dll+0x300738]
V  [jvm.dll+0x2d20d2]
V  [jvm.dll+0x2fe91b]
V  [jvm.dll+0x2fe64e]
V  [jvm.dll+0x30cf07]
V  [jvm.dll+0x2adade]
V  [jvm.dll+0x2ada01]
V  [jvm.dll+0x2db0db]
V  [jvm.dll+0x30e945]
V  [jvm.dll+0x30d78d]
V  [jvm.dll+0x2de268]
V  [jvm.dll+0x74d230]
V  [jvm.dll+0x6e80b5]
V  [jvm.dll+0x5f1036]
C  [ucrtbase.dll+0x21bb2]
C  [KERNEL32.DLL+0x17034]
C  [ntdll.dll+0x52651]


siginfo: EXCEPTION_ACCESS_VIOLATION (0xc0000005), reading address 0x00000000000000f8


Register to memory mapping:

RIP=0x00007ffe1803505d jvm.dll
RAX=0x000002bca8336380 points into unknown readable memory: 0x0000000000000000 | 00 00 00 00 00 00 00 00
RBX=0x000002bcc64cc070 points into unknown readable memory: 0x00007ffe185871a8 | a8 71 58 18 fe 7f 00 00
RCX=0x0 is NULL
RDX=0x000002bca8395790 points into unknown readable memory: 0x00007ffe1858ec20 | 20 ec 58 18 fe 7f 00 00
RSP=0x000000ff669ff0d0 points into unknown readable memory: 0x0000000000000006 | 06 00 00 00 00 00 00 00
RBP=0x000002bcc64cc1e0 points into unknown readable memory: 0x00007ffe18587160 | 60 71 58 18 fe 7f 00 00
RSI=0x000000010001b850 is pointing into metadata
RDI=0x0000000081137ad0 is pointing into object: java.util.concurrent.ConcurrentHashMap$Node 
{0x0000000081137ac0} - klass: 'java/util/concurrent/ConcurrentHashMap$Node'
R8 =0x0000000081137ad0 is pointing into object: java.util.concurrent.ConcurrentHashMap$Node 
{0x0000000081137ac0} - klass: 'java/util/concurrent/ConcurrentHashMap$Node'
R9 =0x0000000000000880 is an unknown value
R10=0x0000000081137ad0 is pointing into object: java.util.concurrent.ConcurrentHashMap$Node 
{0x0000000081137ac0} - klass: 'java/util/concurrent/ConcurrentHashMap$Node'
R11=0x000002bcc64cc1e0 points into unknown readable memory: 0x00007ffe18587160 | 60 71 58 18 fe 7f 00 00
R12=0x0000000000000004 is an unknown value
R13=0x0 is NULL
R14=0x000000010001b850 is pointing into metadata
R15=0x0000000081137ac0 is an oop: java.util.concurrent.ConcurrentHashMap$Node 
{0x0000000081137ac0} - klass: 'java/util/concurrent/ConcurrentHashMap$Node'


Registers:
RAX=0x000002bca8336380, RBX=0x000002bcc64cc070, RCX=0x0000000000000000, RDX=0x000002bca8395790
RSP=0x000000ff669ff0d0, RBP=0x000002bcc64cc1e0, RSI=0x000000010001b850, RDI=0x0000000081137ad0
R8 =0x0000000081137ad0, R9 =0x0000000000000880, R10=0x0000000081137ad0, R11=0x000002bcc64cc1e0
R12=0x0000000000000004, R13=0x0000000000000000, R14=0x000000010001b850, R15=0x0000000081137ac0
RIP=0x00007ffe1803505d, EFLAGS=0x0000000000010203

Top of Stack: (sp=0x000000ff669ff0d0)
0x000000ff669ff0d0:   0000000000000006 0000000081137a65
0x000000ff669ff0e0:   000002bca8326be0 00007ffe1802a88d
0x000000ff669ff0f0:   0000000081137ad0 00007ffe1805f49f
0x000000ff669ff100:   0000000081137a64 00007ffe180609c2
0x000000ff669ff110:   0000000083d00420 0000000000000003
0x000000ff669ff120:   0000000083edd2c8 0000000000000002
0x000000ff669ff130:   0000000081137ac0 00007ffe18060738
0x000000ff669ff140:   0000000000000002 0000000000000011
0x000000ff669ff150:   000002bcc64cc070 00007ffe1803124e
0x000000ff669ff160:   000002bca8326be0 0000000080cf61c8
0x000000ff669ff170:   00000006c64cc1e0 0000000000000011
0x000000ff669ff180:   0000000000000001 000002bcc64cc070
0x000000ff669ff190:   0000000000000040 000002bca8326c60
0x000000ff669ff1a0:   0000000000000000 000002bcc64cc070
0x000000ff669ff1b0:   000000ff669ff401 00007ffe180320d2
0x000000ff669ff1c0:   000002bcc64cc070 00007ffe18034f01 

Instructions: (pc=0x00007ffe1803505d)
0x00007ffe18034f5d:   74 24 38 48 83 c4 20 5f c3 cc cc cc cc cc cc cc
0x00007ffe18034f6d:   cc cc cc 48 89 5c 24 08 57 48 83 ec 20 48 8b 41
0x00007ffe18034f7d:   18 48 8b da 48 83 cb 01 48 8b d3 48 8b 78 10 48
0x00007ffe18034f8d:   8b cf e8 5c 7b 00 00 84 c0 75 29 48 81 c7 90 00
0x00007ffe18034f9d:   00 00 48 8b 47 08 48 39 47 20 75 08 48 8b cf e8
0x00007ffe18034fad:   9f f3 f5 ff 48 8b 4f 20 48 8b 47 38 48 89 1c c8
0x00007ffe18034fbd:   48 ff 47 20 48 8b 5c 24 30 48 83 c4 20 5f c3 cc
0x00007ffe18034fcd:   cc cc cc 48 89 5c 24 08 57 48 83 ec 20 48 8b 79
0x00007ffe18034fdd:   10 48 8b da 48 83 cb 01 48 8b cf 48 8b d3 e8 00
0x00007ffe18034fed:   7b 00 00 84 c0 75 29 48 81 c7 90 00 00 00 48 8b
0x00007ffe18034ffd:   47 08 48 39 47 20 75 08 48 8b cf e8 43 f3 f5 ff
0x00007ffe1803500d:   48 8b 4f 20 48 8b 47 38 48 89 1c c8 48 ff 47 20
0x00007ffe1803501d:   48 8b 5c 24 30 48 83 c4 20 5f c3 cc cc cc cc cc
0x00007ffe1803502d:   cc cc cc 40 53 48 83 ec 20 8b 82 04 01 00 00 48
0x00007ffe1803503d:   8b d9 d1 e8 a8 01 75 6b 48 8b 41 08 8b 88 c0 02
0x00007ffe1803504d:   00 00 48 8b 80 b0 02 00 00 49 d3 e9 4a 8b 0c c8
0x00007ffe1803505d:   48 8b 81 f8 00 00 00 83 b8 18 01 00 00 00 74 43
0x00007ffe1803506d:   48 8b 4b 50 48 89 7c 24 30 49 c1 e8 09 48 8b 79
0x00007ffe1803507d:   48 48 2b 79 40 49 03 f8 48 8b d7 e8 93 c1 ff ff
0x00007ffe1803508d:   84 c0 74 1a 80 7b 28 00 48 8d 4b 18 74 10 48 8b
0x00007ffe1803509d:   43 50 48 8b 50 40 48 03 d7 e8 95 67 36 00 48 8b
0x00007ffe180350ad:   7c 24 30 48 83 c4 20 5b c3 cc cc cc cc cc cc cc
0x00007ffe180350bd:   cc cc cc 48 89 5c 24 08 48 89 74 24 10 57 48 83
0x00007ffe180350cd:   ec 20 48 63 fa 48 8d 05 b7 c3 54 00 45 33 c0 48
0x00007ffe180350dd:   89 01 48 8b f1 89 79 08 48 8b df 48 8d 0c fd 00
0x00007ffe180350ed:   00 00 00 41 8d 50 05 e8 77 e8 dd ff 45 33 db 48
0x00007ffe180350fd:   89 46 10 4c 8d 4e 10 4c 8b d0 45 8b c3 85 ff 7e
0x00007ffe1803510d:   56 83 ff 02 72 51 8d 4f ff 48 63 d1 48 8d 04 d0
0x00007ffe1803511d:   4d 3b d1 77 05 49 3b c1 73 3d 8b c7 25 01 00 00
0x00007ffe1803512d:   80 7d 07 ff c8 83 c8 fe ff c0 2b f8 0f 1f 80 00
0x00007ffe1803513d:   00 00 00 41 83 c0 02 44 3b c7 7c f7 8d 47 01 49
0x00007ffe1803514d:   8b fa 99 2b c2 d1 f8 48 63 c8 48 c1 e1 04 48 c1 


Stack slot to memory mapping:
stack at sp + 0 slots: 0x0000000000000006 is an unknown value
stack at sp + 1 slots: 0x0000000081137a65 is pointing into object: java.lang.String 
{0x0000000081137a58} - klass: 'java/lang/String'
stack at sp + 2 slots: 0x000002bca8326be0 points into unknown readable memory: 0x00000000000002af | af 02 00 00 00 00 00 00
stack at sp + 3 slots: 0x00007ffe1802a88d jvm.dll
stack at sp + 4 slots: 0x0000000081137ad0 is pointing into object: java.util.concurrent.ConcurrentHashMap$Node 
{0x0000000081137ac0} - klass: 'java/util/concurrent/ConcurrentHashMap$Node'
stack at sp + 5 slots: 0x00007ffe1805f49f jvm.dll
stack at sp + 6 slots: 0x0000000081137a64 is pointing into object: java.lang.String 
{0x0000000081137a58} - klass: 'java/lang/String'
stack at sp + 7 slots: 0x00007ffe180609c2 jvm.dll


---------------  P R O C E S S  ---------------

Threads class SMR info:
_java_thread_list=0x000002bcc7c5fbf0, length=32, elements={
0x000002bca830a000, 0x000002bcc2f7f800, 0x000002bcc2f8b000, 0x000002bcc3912800,
0x000002bcc2f9b000, 0x000002bcc2f9d000, 0x000002bcc2fa0000, 0x000002bcc2fad800,
0x000002bcc2fb0800, 0x000002bcc3a68800, 0x000002bcc6019000, 0x000002bcc3bcc000,
0x000002bcc4ed4800, 0x000002bcc6562000, 0x000002bcc5f67800, 0x000002bcc5735000,
0x000002bcc6052000, 0x000002bcc4d0a800, 0x000002bcc5ffd800, 0x000002bcc5ffc000,
0x000002bcc6000000, 0x000002bcc5ffe800, 0x000002bcc5fff000, 0x000002bcc5ffa800,
0x000002bcc6001000, 0x000002bcc5ffb000, 0x000002bcc5ffc800, 0x000002bcc7cc2000,
0x000002bcc6498800, 0x000002bcc7cc3000, 0x000002bcc8f1d800, 0x000002bcc7cbf000
}

Java Threads: ( => current thread )
  0x000002bca830a000 JavaThread "main" [_thread_blocked, id=112760, stack(0x000000ff64800000,0x000000ff64900000)]
  0x000002bcc2f7f800 JavaThread "Reference Handler" daemon [_thread_blocked, id=113004, stack(0x000000ff64f00000,0x000000ff65000000)]
  0x000002bcc2f8b000 JavaThread "Finalizer" daemon [_thread_blocked, id=113328, stack(0x000000ff65000000,0x000000ff65100000)]
  0x000002bcc3912800 JavaThread "Signal Dispatcher" daemon [_thread_blocked, id=112472, stack(0x000000ff65100000,0x000000ff65200000)]
  0x000002bcc2f9b000 JavaThread "Attach Listener" daemon [_thread_blocked, id=113084, stack(0x000000ff65200000,0x000000ff65300000)]
  0x000002bcc2f9d000 JavaThread "Service Thread" daemon [_thread_blocked, id=112540, stack(0x000000ff65300000,0x000000ff65400000)]
  0x000002bcc2fa0000 JavaThread "C2 CompilerThread0" daemon [_thread_blocked, id=113136, stack(0x000000ff65400000,0x000000ff65500000)]
  0x000002bcc2fad800 JavaThread "C1 CompilerThread0" daemon [_thread_blocked, id=113180, stack(0x000000ff65500000,0x000000ff65600000)]
  0x000002bcc2fb0800 JavaThread "Sweeper thread" daemon [_thread_blocked, id=110480, stack(0x000000ff65600000,0x000000ff65700000)]
  0x000002bcc3a68800 JavaThread "Common-Cleaner" daemon [_thread_blocked, id=95216, stack(0x000000ff65700000,0x000000ff65800000)]
  0x000002bcc6019000 JavaThread "Daemon health stats" [_thread_blocked, id=112660, stack(0x000000ff65d00000,0x000000ff65e00000)]
  0x000002bcc3bcc000 JavaThread "Incoming local TCP Connector on port 59449" [_thread_in_native, id=113356, stack(0x000000ff65900000,0x000000ff65a00000)]
  0x000002bcc4ed4800 JavaThread "Daemon periodic checks" [_thread_blocked, id=113372, stack(0x000000ff65c00000,0x000000ff65d00000)]
  0x000002bcc6562000 JavaThread "Daemon" [_thread_blocked, id=110336, stack(0x000000ff65e00000,0x000000ff65f00000)]
  0x000002bcc5f67800 JavaThread "Handler for socket connection from /127.0.0.1:59449 to /127.0.0.1:59450" [_thread_in_native, id=113424, stack(0x000000ff65f00000,0x000000ff66000000)]
  0x000002bcc5735000 JavaThread "Cancel handler" [_thread_blocked, id=102852, stack(0x000000ff66000000,0x000000ff66100000)]
  0x000002bcc6052000 JavaThread "Daemon worker" [_thread_blocked, id=112404, stack(0x000000ff66100000,0x000000ff66200000)]
  0x000002bcc4d0a800 JavaThread "Asynchronous log dispatcher for DefaultDaemonConnection: socket connection from /127.0.0.1:59449 to /127.0.0.1:59450" [_thread_blocked, id=113400, stack(0x000000ff66200000,0x000000ff66300000)]
  0x000002bcc5ffd800 JavaThread "Stdin handler" [_thread_blocked, id=9300, stack(0x000000ff66300000,0x000000ff66400000)]
  0x000002bcc5ffc000 JavaThread "Daemon client event forwarder" [_thread_blocked, id=112352, stack(0x000000ff66400000,0x000000ff66500000)]
  0x000002bcc6000000 JavaThread "Cache worker for journal cache (C:\Users\DELL\.gradle\caches\journal-1)" [_thread_blocked, id=112872, stack(0x000000ff66a00000,0x000000ff66b00000)]
  0x000002bcc5ffe800 JavaThread "File lock request listener" [_thread_in_native, id=101592, stack(0x000000ff66b00000,0x000000ff66c00000)]
  0x000002bcc5fff000 JavaThread "Cache worker for file hash cache (C:\Users\DELL\.gradle\caches\7.2\fileHashes)" [_thread_blocked, id=113000, stack(0x000000ff66c00000,0x000000ff66d00000)]
  0x000002bcc5ffa800 JavaThread "Cache worker for file hash cache (D:\Android Studio Project\Android Calendar Base\.gradle\7.2\fileHashes)" [_thread_blocked, id=111368, stack(0x000000ff66f00000,0x000000ff67000000)]
  0x000002bcc6001000 JavaThread "File watcher server" daemon [_thread_in_native, id=96144, stack(0x000000ff67000000,0x000000ff67100000)]
  0x000002bcc5ffb000 JavaThread "File watcher consumer" daemon [_thread_blocked, id=44472, stack(0x000000ff67100000,0x000000ff67200000)]
  0x000002bcc5ffc800 JavaThread "Cache worker for checksums cache (D:\Android Studio Project\Android Calendar Base\.gradle\checksums)" [_thread_blocked, id=112632, stack(0x000000ff66e00000,0x000000ff66f00000)]
  0x000002bcc7cc2000 JavaThread "Cache worker for cache directory md-supplier (C:\Users\DELL\.gradle\caches\7.2\md-supplier)" [_thread_blocked, id=113148, stack(0x000000ff67200000,0x000000ff67300000)]
  0x000002bcc6498800 JavaThread "C2 CompilerThread1" daemon [_thread_blocked, id=112168, stack(0x000000ff67300000,0x000000ff67400000)]
  0x000002bcc7cc3000 JavaThread "Cache worker for cache directory md-rule (C:\Users\DELL\.gradle\caches\7.2\md-rule)" [_thread_blocked, id=102576, stack(0x000000ff67400000,0x000000ff67500000)]
  0x000002bcc8f1d800 JavaThread "C2 CompilerThread2" daemon [_thread_in_native, id=112436, stack(0x000000ff67500000,0x000000ff67600000)]
  0x000002bcc7cbf000 JavaThread "Cache worker for execution history cache (C:\Users\DELL\.gradle\caches\7.2\executionHistory)" [_thread_blocked, id=113340, stack(0x000000ff67600000,0x000000ff67700000)]

Other Threads:
  0x000002bcc2f7d800 VMThread "VM Thread" [stack: 0x000000ff64e00000,0x000000ff64f00000] [id=104780]
  0x000002bcc3a6d800 WatcherThread [stack: 0x000000ff65800000,0x000000ff65900000] [id=110372]
  0x000002bca8322800 GCTaskThread "GC Thread#0" [stack: 0x000000ff64900000,0x000000ff64a00000] [id=112804]
  0x000002bcc4430000 GCTaskThread "GC Thread#1" [stack: 0x000000ff65a00000,0x000000ff65b00000] [id=113228]
  0x000002bcc4732000 GCTaskThread "GC Thread#2" [stack: 0x000000ff65b00000,0x000000ff65c00000] [id=112508]
  0x000002bcc6017000 GCTaskThread "GC Thread#3" [stack: 0x000000ff66500000,0x000000ff66600000] [id=113572]
  0x000002bcc4977800 GCTaskThread "GC Thread#4" [stack: 0x000000ff66600000,0x000000ff66700000] [id=113588]
  0x000002bcc4da5000 GCTaskThread "GC Thread#5" [stack: 0x000000ff66700000,0x000000ff66800000] [id=113616]
  0x000002bcc7380000 GCTaskThread "GC Thread#6" [stack: 0x000000ff66800000,0x000000ff66900000] [id=112748]
=>0x000002bcc4f61000 GCTaskThread "GC Thread#7" [stack: 0x000000ff66900000,0x000000ff66a00000] [id=112732]
  0x000002bca8356800 ConcurrentGCThread "G1 Main Marker" [stack: 0x000000ff64a00000,0x000000ff64b00000] [id=111920]
  0x000002bca8359000 ConcurrentGCThread "G1 Conc#0" [stack: 0x000000ff64b00000,0x000000ff64c00000] [id=105908]
  0x000002bcc46cd000 ConcurrentGCThread "G1 Conc#1" [stack: 0x000000ff66d00000,0x000000ff66e00000] [id=113028]
  0x000002bcc2dd0800 ConcurrentGCThread "G1 Refine#0" [stack: 0x000000ff64c00000,0x000000ff64d00000] [id=112892]
  0x000002bcc2dd1800 ConcurrentGCThread "G1 Young RemSet Sampling" [stack: 0x000000ff64d00000,0x000000ff64e00000] [id=110980]

Threads with active compile tasks:
C2 CompilerThread1   5099 2833   !   4       java.net.URLClassLoader::findClass (47 bytes)
C2 CompilerThread2   5099 2515       4       jdk.internal.loader.URLClassPath::getResource (74 bytes)

VM state:at safepoint (normal execution)

VM Mutex/Monitor currently owned by a thread:  ([mutex/lock_event])
[0x000002bca8306780] Threads_lock - owner thread: 0x000002bcc2f7d800
[0x000002bca8307230] Heap_lock - owner thread: 0x000002bcc6052000

Heap address: 0x0000000080000000, size: 2048 MB, Compressed Oops mode: 32-bit
Narrow klass base: 0x0000000000000000, Narrow klass shift: 3
Compressed class space size: 1073741824 Address: 0x0000000100000000

Heap:
 garbage-first heap   total 131072K, used 24516K [0x0000000080000000, 0x0000000100000000)
  region size 1024K, 7 young (7168K), 4 survivors (4096K)
 Metaspace       used 35020K, capacity 35785K, committed 35840K, reserved 1081344K
  class space    used 4562K, capacity 4863K, committed 4864K, reserved 1048576K
Heap Regions: E=young(eden), S=young(survivor), O=old, HS=humongous(starts), HC=humongous(continues), CS=collection set, F=free, A=archive, TAMS=top-at-mark-start (previous, next)
|   0|0x0000000080000000, 0x0000000080100000, 0x0000000080100000|100%| O|  |TAMS 0x0000000080100000, 0x0000000080100000| Untracked 
|   1|0x0000000080100000, 0x0000000080200000, 0x0000000080200000|100%| O|  |TAMS 0x0000000080200000, 0x0000000080200000| Untracked 
|   2|0x0000000080200000, 0x0000000080300000, 0x0000000080300000|100%| O|  |TAMS 0x0000000080300000, 0x0000000080300000| Untracked 
|   3|0x0000000080300000, 0x0000000080400000, 0x0000000080400000|100%|HS|  |TAMS 0x0000000080400000, 0x0000000080400000| Complete 
|   4|0x0000000080400000, 0x0000000080500000, 0x0000000080500000|100%|HC|  |TAMS 0x0000000080500000, 0x0000000080500000| Complete 
|   5|0x0000000080500000, 0x0000000080600000, 0x0000000080600000|100%|HC|  |TAMS 0x0000000080600000, 0x0000000080600000| Complete 
|   6|0x0000000080600000, 0x0000000080700000, 0x0000000080700000|100%| O|  |TAMS 0x0000000080700000, 0x0000000080700000| Untracked 
|   7|0x0000000080700000, 0x0000000080800000, 0x0000000080800000|100%| O|  |TAMS 0x0000000080800000, 0x0000000080800000| Untracked 
|   8|0x0000000080800000, 0x0000000080900000, 0x0000000080900000|100%| O|  |TAMS 0x0000000080900000, 0x0000000080900000| Untracked 
|   9|0x0000000080900000, 0x0000000080a00000, 0x0000000080a00000|100%| O|  |TAMS 0x0000000080a00000, 0x0000000080a00000| Untracked 
|  10|0x0000000080a00000, 0x0000000080b00000, 0x0000000080b00000|100%| O|  |TAMS 0x0000000080b00000, 0x0000000080b00000| Untracked 
|  11|0x0000000080b00000, 0x0000000080c00000, 0x0000000080c00000|100%| O|  |TAMS 0x0000000080c00000, 0x0000000080c00000| Untracked 
|  12|0x0000000080c00000, 0x0000000080d00000, 0x0000000080d00000|100%| O|  |TAMS 0x0000000080d00000, 0x0000000080d00000| Untracked 
|  13|0x0000000080d00000, 0x0000000080e00000, 0x0000000080e00000|100%| O|  |TAMS 0x0000000080e00000, 0x0000000080e00000| Untracked 
|  14|0x0000000080e00000, 0x0000000080f00000, 0x0000000080f00000|100%| O|  |TAMS 0x0000000080f00000, 0x0000000080f00000| Untracked 
|  15|0x0000000080f00000, 0x0000000081000000, 0x0000000081000000|100%| O|  |TAMS 0x0000000080f44e00, 0x0000000081000000| Untracked 
|  16|0x0000000081000000, 0x0000000081100000, 0x0000000081100000|100%| O|  |TAMS 0x0000000081000000, 0x0000000081100000| Untracked 
|  17|0x0000000081100000, 0x00000000811f0120, 0x0000000081200000| 93%| O|  |TAMS 0x0000000081100000, 0x0000000081200000| Untracked 
|  18|0x0000000081200000, 0x0000000081200000, 0x0000000081300000|  0%| F|  |TAMS 0x0000000081200000, 0x0000000081200000| Untracked 
|  19|0x0000000081300000, 0x0000000081300000, 0x0000000081400000|  0%| F|  |TAMS 0x0000000081300000, 0x0000000081300000| Untracked 
|  20|0x0000000081400000, 0x0000000081400000, 0x0000000081500000|  0%| F|  |TAMS 0x0000000081400000, 0x0000000081400000| Untracked 
|  21|0x0000000081500000, 0x0000000081500000, 0x0000000081600000|  0%| F|  |TAMS 0x0000000081500000, 0x0000000081500000| Untracked 
|  22|0x0000000081600000, 0x0000000081600000, 0x0000000081700000|  0%| F|  |TAMS 0x0000000081600000, 0x0000000081600000| Untracked 
|  23|0x0000000081700000, 0x0000000081700000, 0x0000000081800000|  0%| F|  |TAMS 0x0000000081700000, 0x0000000081700000| Untracked 
|  24|0x0000000081800000, 0x0000000081800000, 0x0000000081900000|  0%| F|  |TAMS 0x0000000081800000, 0x0000000081800000| Untracked 
|  25|0x0000000081900000, 0x0000000081900000, 0x0000000081a00000|  0%| F|  |TAMS 0x0000000081900000, 0x0000000081900000| Untracked 
|  26|0x0000000081a00000, 0x0000000081a00000, 0x0000000081b00000|  0%| F|  |TAMS 0x0000000081a00000, 0x0000000081a00000| Untracked 
|  27|0x0000000081b00000, 0x0000000081b00000, 0x0000000081c00000|  0%| F|  |TAMS 0x0000000081b00000, 0x0000000081b00000| Untracked 
|  28|0x0000000081c00000, 0x0000000081c00000, 0x0000000081d00000|  0%| F|  |TAMS 0x0000000081c00000, 0x0000000081c00000| Untracked 
|  29|0x0000000081d00000, 0x0000000081d00000, 0x0000000081e00000|  0%| F|  |TAMS 0x0000000081d00000, 0x0000000081d00000| Untracked 
|  30|0x0000000081e00000, 0x0000000081e00000, 0x0000000081f00000|  0%| F|  |TAMS 0x0000000081e00000, 0x0000000081e00000| Untracked 
|  31|0x0000000081f00000, 0x0000000081f00000, 0x0000000082000000|  0%| F|  |TAMS 0x0000000081f00000, 0x0000000081f00000| Untracked 
|  32|0x0000000082000000, 0x0000000082000000, 0x0000000082100000|  0%| F|  |TAMS 0x0000000082000000, 0x0000000082000000| Untracked 
|  33|0x0000000082100000, 0x0000000082100000, 0x0000000082200000|  0%| F|  |TAMS 0x0000000082100000, 0x0000000082100000| Untracked 
|  34|0x0000000082200000, 0x0000000082200000, 0x0000000082300000|  0%| F|  |TAMS 0x0000000082200000, 0x0000000082200000| Untracked 
|  35|0x0000000082300000, 0x0000000082300000, 0x0000000082400000|  0%| F|  |TAMS 0x0000000082300000, 0x0000000082300000| Untracked 
|  36|0x0000000082400000, 0x0000000082400000, 0x0000000082500000|  0%| F|  |TAMS 0x0000000082400000, 0x0000000082400000| Untracked 
|  37|0x0000000082500000, 0x0000000082500000, 0x0000000082600000|  0%| F|  |TAMS 0x0000000082500000, 0x0000000082500000| Untracked 
|  38|0x0000000082600000, 0x0000000082600000, 0x0000000082700000|  0%| F|  |TAMS 0x0000000082600000, 0x0000000082600000| Untracked 
|  39|0x0000000082700000, 0x0000000082700000, 0x0000000082800000|  0%| F|  |TAMS 0x0000000082700000, 0x0000000082700000| Untracked 
|  40|0x0000000082800000, 0x0000000082800000, 0x0000000082900000|  0%| F|  |TAMS 0x0000000082800000, 0x0000000082800000| Untracked 
|  41|0x0000000082900000, 0x0000000082900000, 0x0000000082a00000|  0%| F|  |TAMS 0x0000000082900000, 0x0000000082900000| Untracked 
|  42|0x0000000082a00000, 0x0000000082a00000, 0x0000000082b00000|  0%| F|  |TAMS 0x0000000082a00000, 0x0000000082a00000| Untracked 
|  43|0x0000000082b00000, 0x0000000082b00000, 0x0000000082c00000|  0%| F|  |TAMS 0x0000000082b00000, 0x0000000082b00000| Untracked 
|  44|0x0000000082c00000, 0x0000000082c00000, 0x0000000082d00000|  0%| F|  |TAMS 0x0000000082c00000, 0x0000000082c00000| Untracked 
|  45|0x0000000082d00000, 0x0000000082d00000, 0x0000000082e00000|  0%| F|  |TAMS 0x0000000082d00000, 0x0000000082d00000| Untracked 
|  46|0x0000000082e00000, 0x0000000082e00000, 0x0000000082f00000|  0%| F|  |TAMS 0x0000000082e00000, 0x0000000082e00000| Untracked 
|  47|0x0000000082f00000, 0x0000000082f00000, 0x0000000083000000|  0%| F|  |TAMS 0x0000000082f00000, 0x0000000082f00000| Untracked 
|  48|0x0000000083000000, 0x0000000083000000, 0x0000000083100000|  0%| F|  |TAMS 0x0000000083000000, 0x0000000083000000| Untracked 
|  49|0x0000000083100000, 0x0000000083100000, 0x0000000083200000|  0%| F|  |TAMS 0x0000000083100000, 0x0000000083100000| Untracked 
|  50|0x0000000083200000, 0x0000000083200000, 0x0000000083300000|  0%| F|  |TAMS 0x0000000083200000, 0x0000000083200000| Untracked 
|  51|0x0000000083300000, 0x0000000083300000, 0x0000000083400000|  0%| F|  |TAMS 0x0000000083300000, 0x0000000083300000| Untracked 
|  52|0x0000000083400000, 0x0000000083400000, 0x0000000083500000|  0%| F|  |TAMS 0x0000000083400000, 0x0000000083400000| Untracked 
|  53|0x0000000083500000, 0x0000000083500000, 0x0000000083600000|  0%| F|  |TAMS 0x0000000083500000, 0x0000000083500000| Untracked 
|  54|0x0000000083600000, 0x0000000083600000, 0x0000000083700000|  0%| F|  |TAMS 0x0000000083600000, 0x0000000083600000| Untracked 
|  55|0x0000000083700000, 0x0000000083700000, 0x0000000083800000|  0%| F|  |TAMS 0x0000000083700000, 0x0000000083700000| Untracked 
|  56|0x0000000083800000, 0x0000000083800000, 0x0000000083900000|  0%| F|  |TAMS 0x0000000083800000, 0x0000000083800000| Untracked 
|  57|0x0000000083900000, 0x0000000083900000, 0x0000000083a00000|  0%| F|  |TAMS 0x0000000083900000, 0x0000000083900000| Untracked 
|  58|0x0000000083a00000, 0x0000000083a00000, 0x0000000083b00000|  0%| F|  |TAMS 0x0000000083a00000, 0x0000000083a00000| Untracked 
|  59|0x0000000083b00000, 0x0000000083b00000, 0x0000000083c00000|  0%| F|  |TAMS 0x0000000083b00000, 0x0000000083b00000| Untracked 
|  60|0x0000000083c00000, 0x0000000083c00000, 0x0000000083d00000|  0%| F|  |TAMS 0x0000000083c00000, 0x0000000083c00000| Untracked 
|  61|0x0000000083d00000, 0x0000000083d2bdb8, 0x0000000083e00000| 17%| E|CS|TAMS 0x0000000083d00000, 0x0000000083d2bdb8| Complete 
|  62|0x0000000083e00000, 0x0000000083f00000, 0x0000000083f00000|100%| E|CS|TAMS 0x0000000083e00000, 0x0000000083f00000| Complete 
|  63|0x0000000083f00000, 0x0000000084000000, 0x0000000084000000|100%| E|CS|TAMS 0x0000000083f00000, 0x0000000084000000| Complete 
|  64|0x0000000084000000, 0x0000000084100000, 0x0000000084100000|100%| E|CS|TAMS 0x0000000084000000, 0x0000000084100000| Complete 
|  65|0x0000000084100000, 0x0000000084200000, 0x0000000084200000|100%| E|CS|TAMS 0x0000000084100000, 0x0000000084200000| Complete 
|  66|0x0000000084200000, 0x0000000084300000, 0x0000000084300000|100%| E|CS|TAMS 0x0000000084200000, 0x0000000084300000| Complete 
|  67|0x0000000084300000, 0x0000000084400000, 0x0000000084400000|100%| E|CS|TAMS 0x0000000084300000, 0x0000000084400000| Complete 
|  68|0x0000000084400000, 0x0000000084400000, 0x0000000084500000|  0%| F|  |TAMS 0x0000000084400000, 0x0000000084400000| Untracked 
|  69|0x0000000084500000, 0x0000000084500000, 0x0000000084600000|  0%| F|  |TAMS 0x0000000084500000, 0x0000000084500000| Untracked 
|  70|0x0000000084600000, 0x0000000084600000, 0x0000000084700000|  0%| F|  |TAMS 0x0000000084600000, 0x0000000084600000| Untracked 
|  71|0x0000000084700000, 0x0000000084700000, 0x0000000084800000|  0%| F|  |TAMS 0x0000000084700000, 0x0000000084700000| Untracked 
|  72|0x0000000084800000, 0x0000000084800000, 0x0000000084900000|  0%| F|  |TAMS 0x0000000084800000, 0x0000000084800000| Untracked 
|  73|0x0000000084900000, 0x0000000084900000, 0x0000000084a00000|  0%| F|  |TAMS 0x0000000084900000, 0x0000000084900000| Untracked 
|  74|0x0000000084a00000, 0x0000000084a00000, 0x0000000084b00000|  0%| F|  |TAMS 0x0000000084a00000, 0x0000000084a00000| Untracked 
|  75|0x0000000084b00000, 0x0000000084b00000, 0x0000000084c00000|  0%| F|  |TAMS 0x0000000084b00000, 0x0000000084b00000| Untracked 
|  76|0x0000000084c00000, 0x0000000084c00000, 0x0000000084d00000|  0%| F|  |TAMS 0x0000000084c00000, 0x0000000084c00000| Untracked 
|  77|0x0000000084d00000, 0x0000000084d00000, 0x0000000084e00000|  0%| F|  |TAMS 0x0000000084d00000, 0x0000000084d00000| Untracked 
|  78|0x0000000084e00000, 0x0000000084e00000, 0x0000000084f00000|  0%| F|  |TAMS 0x0000000084e00000, 0x0000000084e00000| Untracked 
|  79|0x0000000084f00000, 0x0000000084f00000, 0x0000000085000000|  0%| F|  |TAMS 0x0000000084f00000, 0x0000000084f00000| Untracked 
|  80|0x0000000085000000, 0x0000000085000000, 0x0000000085100000|  0%| F|  |TAMS 0x0000000085000000, 0x0000000085000000| Untracked 
|  81|0x0000000085100000, 0x0000000085100000, 0x0000000085200000|  0%| F|  |TAMS 0x0000000085100000, 0x0000000085100000| Untracked 
|  82|0x0000000085200000, 0x0000000085200000, 0x0000000085300000|  0%| F|  |TAMS 0x0000000085200000, 0x0000000085200000| Untracked 
|  83|0x0000000085300000, 0x0000000085300000, 0x0000000085400000|  0%| F|  |TAMS 0x0000000085300000, 0x0000000085300000| Untracked 
|  84|0x0000000085400000, 0x0000000085400000, 0x0000000085500000|  0%| F|  |TAMS 0x0000000085400000, 0x0000000085400000| Untracked 
|  85|0x0000000085500000, 0x0000000085500000, 0x0000000085600000|  0%| F|  |TAMS 0x0000000085500000, 0x0000000085500000| Untracked 
|  86|0x0000000085600000, 0x0000000085600000, 0x0000000085700000|  0%| F|  |TAMS 0x0000000085600000, 0x0000000085600000| Untracked 
|  87|0x0000000085700000, 0x0000000085700000, 0x0000000085800000|  0%| F|  |TAMS 0x0000000085700000, 0x0000000085700000| Untracked 
|  88|0x0000000085800000, 0x0000000085800000, 0x0000000085900000|  0%| F|  |TAMS 0x0000000085800000, 0x0000000085800000| Untracked 
|  89|0x0000000085900000, 0x0000000085900000, 0x0000000085a00000|  0%| F|  |TAMS 0x0000000085900000, 0x0000000085900000| Untracked 
|  90|0x0000000085a00000, 0x0000000085a00000, 0x0000000085b00000|  0%| F|  |TAMS 0x0000000085a00000, 0x0000000085a00000| Untracked 
|  91|0x0000000085b00000, 0x0000000085b00000, 0x0000000085c00000|  0%| F|  |TAMS 0x0000000085b00000, 0x0000000085b00000| Untracked 
|  92|0x0000000085c00000, 0x0000000085c00000, 0x0000000085d00000|  0%| F|  |TAMS 0x0000000085c00000, 0x0000000085c00000| Untracked 
|  93|0x0000000085d00000, 0x0000000085d00000, 0x0000000085e00000|  0%| F|  |TAMS 0x0000000085d00000, 0x0000000085d00000| Untracked 
|  94|0x0000000085e00000, 0x0000000085e00000, 0x0000000085f00000|  0%| F|  |TAMS 0x0000000085e00000, 0x0000000085e00000| Untracked 
|  95|0x0000000085f00000, 0x0000000085f00000, 0x0000000086000000|  0%| F|  |TAMS 0x0000000085f00000, 0x0000000085f00000| Untracked 
|  96|0x0000000086000000, 0x0000000086000000, 0x0000000086100000|  0%| F|  |TAMS 0x0000000086000000, 0x0000000086000000| Untracked 
|  97|0x0000000086100000, 0x0000000086100000, 0x0000000086200000|  0%| F|  |TAMS 0x0000000086100000, 0x0000000086100000| Untracked 
|  98|0x0000000086200000, 0x0000000086200000, 0x0000000086300000|  0%| F|  |TAMS 0x0000000086200000, 0x0000000086200000| Untracked 
|  99|0x0000000086300000, 0x0000000086300000, 0x0000000086400000|  0%| F|  |TAMS 0x0000000086300000, 0x0000000086300000| Untracked 
| 100|0x0000000086400000, 0x0000000086400000, 0x0000000086500000|  0%| F|  |TAMS 0x0000000086400000, 0x0000000086400000| Untracked 
| 101|0x0000000086500000, 0x0000000086500000, 0x0000000086600000|  0%| F|  |TAMS 0x0000000086500000, 0x0000000086500000| Untracked 
| 102|0x0000000086600000, 0x0000000086600000, 0x0000000086700000|  0%| F|  |TAMS 0x0000000086600000, 0x0000000086600000| Untracked 
| 103|0x0000000086700000, 0x0000000086700000, 0x0000000086800000|  0%| F|  |TAMS 0x0000000086700000, 0x0000000086700000| Untracked 
| 104|0x0000000086800000, 0x0000000086800000, 0x0000000086900000|  0%| F|  |TAMS 0x0000000086800000, 0x0000000086800000| Untracked 
| 105|0x0000000086900000, 0x0000000086900000, 0x0000000086a00000|  0%| F|  |TAMS 0x0000000086900000, 0x0000000086900000| Untracked 
| 106|0x0000000086a00000, 0x0000000086a00000, 0x0000000086b00000|  0%| F|  |TAMS 0x0000000086a00000, 0x0000000086a00000| Untracked 
| 107|0x0000000086b00000, 0x0000000086b00000, 0x0000000086c00000|  0%| F|  |TAMS 0x0000000086b00000, 0x0000000086b00000| Untracked 
| 108|0x0000000086c00000, 0x0000000086c00000, 0x0000000086d00000|  0%| F|  |TAMS 0x0000000086c00000, 0x0000000086c00000| Untracked 
| 109|0x0000000086d00000, 0x0000000086d00000, 0x0000000086e00000|  0%| F|  |TAMS 0x0000000086d00000, 0x0000000086d00000| Untracked 
| 110|0x0000000086e00000, 0x0000000086e00000, 0x0000000086f00000|  0%| F|  |TAMS 0x0000000086e00000, 0x0000000086e00000| Untracked 
| 111|0x0000000086f00000, 0x0000000086f00000, 0x0000000087000000|  0%| F|  |TAMS 0x0000000086f00000, 0x0000000086f00000| Untracked 
| 112|0x0000000087000000, 0x0000000087000000, 0x0000000087100000|  0%| F|  |TAMS 0x0000000087000000, 0x0000000087000000| Untracked 
| 113|0x0000000087100000, 0x0000000087100000, 0x0000000087200000|  0%| F|  |TAMS 0x0000000087100000, 0x0000000087100000| Untracked 
| 114|0x0000000087200000, 0x0000000087200000, 0x0000000087300000|  0%| F|  |TAMS 0x0000000087200000, 0x0000000087200000| Untracked 
| 115|0x0000000087300000, 0x0000000087300000, 0x0000000087400000|  0%| F|  |TAMS 0x0000000087300000, 0x0000000087300000| Untracked 
| 116|0x0000000087400000, 0x0000000087400000, 0x0000000087500000|  0%| F|  |TAMS 0x0000000087400000, 0x0000000087400000| Untracked 
| 117|0x0000000087500000, 0x0000000087500000, 0x0000000087600000|  0%| F|  |TAMS 0x0000000087500000, 0x0000000087500000| Untracked 
| 118|0x0000000087600000, 0x0000000087600000, 0x0000000087700000|  0%| F|  |TAMS 0x0000000087600000, 0x0000000087600000| Untracked 
| 119|0x0000000087700000, 0x0000000087700000, 0x0000000087800000|  0%| F|  |TAMS 0x0000000087700000, 0x0000000087700000| Untracked 
| 120|0x0000000087800000, 0x0000000087800000, 0x0000000087900000|  0%| F|  |TAMS 0x0000000087800000, 0x0000000087800000| Untracked 
| 121|0x0000000087900000, 0x00000000879de080, 0x0000000087a00000| 86%| S|  |TAMS 0x0000000087900000, 0x0000000087900000| Complete 
| 122|0x0000000087a00000, 0x0000000087b00000, 0x0000000087b00000|100%| S|  |TAMS 0x0000000087a00000, 0x0000000087a00000| Complete 
| 123|0x0000000087b00000, 0x0000000087c00000, 0x0000000087c00000|100%| S|  |TAMS 0x0000000087b00000, 0x0000000087b00000| Complete 
| 124|0x0000000087c00000, 0x0000000087d00000, 0x0000000087d00000|100%| S|  |TAMS 0x0000000087c00000, 0x0000000087c00000| Complete 
| 125|0x0000000087d00000, 0x0000000087d80800, 0x0000000087e00000| 50%| E|CS|TAMS 0x0000000087d00000, 0x0000000087d80800| Complete 
| 126|0x0000000087e00000, 0x0000000087f00000, 0x0000000087f00000|100%| E|CS|TAMS 0x0000000087e00000, 0x0000000087f00000| Complete 
| 127|0x0000000087f00000, 0x0000000088000000, 0x0000000088000000|100%| E|CS|TAMS 0x0000000087f00000, 0x0000000088000000| Complete 

Card table byte_map: [0x000002bcbbca0000,0x000002bcbc0a0000] _byte_map_base: 0x000002bcbb8a0000

Marking Bits (Prev, Next): (CMBitMap*) 0x000002bca834dd80, (CMBitMap*) 0x000002bca834dd48
 Prev Bits: [0x000002bcbe4a0000, 0x000002bcc04a0000)
 Next Bits: [0x000002bcbc4a0000, 0x000002bcbe4a0000)

Polling page: 0x000002bca83f0000

Metaspace:

Usage:
  Non-class:     30.20 MB capacity,    29.74 MB ( 98%) used,   390.29 KB (  1%) free+waste,    73.75 KB ( <1%) overhead. 
      Class:      4.75 MB capacity,     4.46 MB ( 94%) used,   263.73 KB (  5%) free+waste,    36.31 KB ( <1%) overhead. 
       Both:     34.95 MB capacity,    34.20 MB ( 98%) used,   654.02 KB (  2%) free+waste,   110.06 KB ( <1%) overhead. 

Virtual space:
  Non-class space:       32.00 MB reserved,      30.25 MB ( 95%) committed 
      Class space:        1.00 GB reserved,       4.75 MB ( <1%) committed 
             Both:        1.03 GB reserved,      35.00 MB (  3%) committed 

Chunk freelists:
   Non-Class:  54.00 KB
       Class:  1.00 KB
        Both:  55.00 KB

MaxMetaspaceSize: 17179869184.00 GB
CompressedClassSpaceSize: 1.00 GB

CodeHeap 'non-profiled nmethods': size=120000Kb used=1480Kb max_used=1480Kb free=118520Kb
 bounds [0x000002bcb3900000, 0x000002bcb3b70000, 0x000002bcbae30000]
CodeHeap 'profiled nmethods': size=120000Kb used=5888Kb max_used=5888Kb free=114111Kb
 bounds [0x000002bcac3d0000, 0x000002bcac9a0000, 0x000002bcb3900000]
CodeHeap 'non-nmethods': size=5760Kb used=1174Kb max_used=1216Kb free=4585Kb
 bounds [0x000002bcabe30000, 0x000002bcac0a0000, 0x000002bcac3d0000]
 total_blobs=3351 nmethods=2831 adapters=431
 compilation: enabled
              stopped_count=0, restarted_count=0
 full_count=0

Compilation events (20 events):
Event: 4.977 Thread 0x000002bcc2fad800 2824       1       java.lang.reflect.Field::getDeclaringClass (5 bytes)
Event: 4.977 Thread 0x000002bcc2fad800 nmethod 2824 0x000002bcb3a6fc10 code [0x000002bcb3a6fdc0, 0x000002bcb3a6fe78]
Event: 4.977 Thread 0x000002bcc2fad800 2826       3       java.lang.reflect.Field::copy (76 bytes)
Event: 4.978 Thread 0x000002bcc2fad800 nmethod 2826 0x000002bcac98cc10 code [0x000002bcac98ce00, 0x000002bcac98d1f8]
Event: 4.978 Thread 0x000002bcc2fad800 2825       3       java.lang.reflect.Field::<init> (44 bytes)
Event: 4.978 Thread 0x000002bcc2fad800 nmethod 2825 0x000002bcac98d310 code [0x000002bcac98d4e0, 0x000002bcac98d898]
Event: 4.979 Thread 0x000002bcc2fad800 2828       3       java.beans.MethodRef::get (91 bytes)
Event: 4.980 Thread 0x000002bcc2fad800 nmethod 2828 0x000002bcac98d990 code [0x000002bcac98dc00, 0x000002bcac98e7b8]
Event: 4.980 Thread 0x000002bcc2fad800 2829       3       org.codehaus.groovy.reflection.CachedMethod::getReturnType (8 bytes)
Event: 4.980 Thread 0x000002bcc2fad800 nmethod 2829 0x000002bcac98ea90 code [0x000002bcac98ec40, 0x000002bcac98ed58]
Event: 4.980 Thread 0x000002bcc2fad800 2830       3       org.codehaus.groovy.util.ComplexKeyHashMap::hash (31 bytes)
Event: 4.980 Thread 0x000002bcc2fad800 nmethod 2830 0x000002bcac98ee10 code [0x000002bcac98efc0, 0x000002bcac98f0b8]
Event: 4.980 Thread 0x000002bcc2fad800 2827       1       groovy.lang.MetaProperty::getName (5 bytes)
Event: 4.981 Thread 0x000002bcc2fad800 nmethod 2827 0x000002bcb3a6ff10 code [0x000002bcb3a700c0, 0x000002bcb3a70178]
Event: 4.981 Thread 0x000002bcc2fa0000 nmethod 2805 0x000002bcb3a70210 code [0x000002bcb3a704e0, 0x000002bcb3a71078]
Event: 4.981 Thread 0x000002bcc2fad800 2831       3       org.codehaus.groovy.util.SingleKeyHashMap::getOrPut (137 bytes)
Event: 4.982 Thread 0x000002bcc2fad800 nmethod 2831 0x000002bcac98f190 code [0x000002bcac98f3e0, 0x000002bcac98ff48]
Event: 4.984 Thread 0x000002bcc2fad800 2832       1       java.util.logging.Logger::getName (5 bytes)
Event: 4.984 Thread 0x000002bcc2fad800 nmethod 2832 0x000002bcb3a71d10 code [0x000002bcb3a71ec0, 0x000002bcb3a71f78]
Event: 4.991 Thread 0x000002bcc6498800 2833   !   4       java.net.URLClassLoader::findClass (47 bytes)

GC Heap History (11 events):
Event: 0.931 GC heap before
{Heap before GC invocations=0 (full 0):
 garbage-first heap   total 131072K, used 29696K [0x0000000080000000, 0x0000000100000000)
  region size 1024K, 24 young (24576K), 0 survivors (0K)
 Metaspace       used 9857K, capacity 10050K, committed 10112K, reserved 1058816K
  class space    used 1028K, capacity 1102K, committed 1152K, reserved 1048576K
}
Event: 0.939 GC heap after
{Heap after GC invocations=1 (full 0):
 garbage-first heap   total 131072K, used 9016K [0x0000000080000000, 0x0000000100000000)
  region size 1024K, 3 young (3072K), 3 survivors (3072K)
 Metaspace       used 9857K, capacity 10050K, committed 10112K, reserved 1058816K
  class space    used 1028K, capacity 1102K, committed 1152K, reserved 1048576K
}
Event: 2.830 GC heap before
{Heap before GC invocations=1 (full 0):
 garbage-first heap   total 131072K, used 83768K [0x0000000080000000, 0x0000000100000000)
  region size 1024K, 76 young (77824K), 3 survivors (3072K)
 Metaspace       used 17682K, capacity 18055K, committed 18176K, reserved 1064960K
  class space    used 2096K, capacity 2219K, committed 2304K, reserved 1048576K
}
Event: 2.838 GC heap after
{Heap after GC invocations=2 (full 0):
 garbage-first heap   total 131072K, used 16147K [0x0000000080000000, 0x0000000100000000)
  region size 1024K, 10 young (10240K), 10 survivors (10240K)
 Metaspace       used 17682K, capacity 18055K, committed 18176K, reserved 1064960K
  class space    used 2096K, capacity 2219K, committed 2304K, reserved 1048576K
}
Event: 3.159 GC heap before
{Heap before GC invocations=2 (full 0):
 garbage-first heap   total 131072K, used 39699K [0x0000000080000000, 0x0000000100000000)
  region size 1024K, 34 young (34816K), 10 survivors (10240K)
 Metaspace       used 20684K, capacity 21075K, committed 21248K, reserved 1067008K
  class space    used 2540K, capacity 2693K, committed 2816K, reserved 1048576K
}
Event: 3.166 GC heap after
{Heap after GC invocations=3 (full 0):
 garbage-first heap   total 131072K, used 16835K [0x0000000080000000, 0x0000000100000000)
  region size 1024K, 2 young (2048K), 2 survivors (2048K)
 Metaspace       used 20684K, capacity 21075K, committed 21248K, reserved 1067008K
  class space    used 2540K, capacity 2693K, committed 2816K, reserved 1048576K
}
Event: 3.925 GC heap before
{Heap before GC invocations=4 (full 0):
 garbage-first heap   total 131072K, used 67011K [0x0000000080000000, 0x0000000100000000)
  region size 1024K, 52 young (53248K), 2 survivors (2048K)
 Metaspace       used 26033K, capacity 26630K, committed 26752K, reserved 1073152K
  class space    used 3402K, capacity 3615K, committed 3712K, reserved 1048576K
}
Event: 3.928 GC heap after
{Heap after GC invocations=5 (full 0):
 garbage-first heap   total 131072K, used 18510K [0x0000000080000000, 0x0000000100000000)
  region size 1024K, 3 young (3072K), 3 survivors (3072K)
 Metaspace       used 26033K, capacity 26630K, committed 26752K, reserved 1073152K
  class space    used 3402K, capacity 3615K, committed 3712K, reserved 1048576K
}
Event: 4.942 GC heap before
{Heap before GC invocations=5 (full 0):
 garbage-first heap   total 131072K, used 76878K [0x0000000080000000, 0x0000000100000000)
  region size 1024K, 60 young (61440K), 3 survivors (3072K)
 Metaspace       used 34624K, capacity 35394K, committed 35584K, reserved 1079296K
  class space    used 4508K, capacity 4818K, committed 4864K, reserved 1048576K
}
Event: 4.950 GC heap after
{Heap after GC invocations=6 (full 0):
 garbage-first heap   total 131072K, used 21954K [0x0000000080000000, 0x0000000100000000)
  region size 1024K, 7 young (7168K), 7 survivors (7168K)
 Metaspace       used 34624K, capacity 35394K, committed 35584K, reserved 1079296K
  class space    used 4508K, capacity 4818K, committed 4864K, reserved 1048576K
}
Event: 4.993 GC heap before
{Heap before GC invocations=6 (full 0):
 garbage-first heap   total 131072K, used 24002K [0x0000000080000000, 0x0000000100000000)
  region size 1024K, 10 young (10240K), 7 survivors (7168K)
 Metaspace       used 35020K, capacity 35785K, committed 35840K, reserved 1081344K
  class space    used 4562K, capacity 4863K, committed 4864K, reserved 1048576K
}

Deoptimization events (20 events):
Event: 4.829 Thread 0x000002bcc6019000 DEOPT PACKING pc=0x000002bcb3a57914 sp=0x000000ff65dfed90
Event: 4.829 Thread 0x000002bcc6019000 DEOPT UNPACKING pc=0x000002bcabe5662f sp=0x000000ff65dfed30 mode 2
Event: 4.840 Thread 0x000002bcc6052000 Uncommon trap: trap_request=0xffffff4d fr.pc=0x000002bcb3a01a5c relative=0x000000000000513c
Event: 4.840 Thread 0x000002bcc6052000 Uncommon trap: reason=unstable_if action=reinterpret pc=0x000002bcb3a01a5c method=jdk.internal.loader.BuiltinClassLoader.loadClassOrNull(Ljava/lang/String;Z)Ljava/lang/Class; @ 42 c2
Event: 4.841 Thread 0x000002bcc6052000 DEOPT PACKING pc=0x000002bcb3a01a5c sp=0x000000ff661f5030
Event: 4.841 Thread 0x000002bcc6052000 DEOPT UNPACKING pc=0x000002bcabe5662f sp=0x000000ff661f4eb0 mode 2
Event: 4.939 Thread 0x000002bcc6052000 DEOPT PACKING pc=0x000002bcac7cfd79 sp=0x000000ff661f5f50
Event: 4.939 Thread 0x000002bcc6052000 DEOPT UNPACKING pc=0x000002bcabe56dde sp=0x000000ff661f5498 mode 0
Event: 4.952 Thread 0x000002bcc6052000 Uncommon trap: trap_request=0xffffff4d fr.pc=0x000002bcb3a6d130 relative=0x0000000000000290
Event: 4.952 Thread 0x000002bcc6052000 Uncommon trap: reason=unstable_if action=reinterpret pc=0x000002bcb3a6d130 method=jdk.internal.org.objectweb.asm.Type.getArgumentsAndReturnSizes(Ljava/lang/String;)I @ 136 c2
Event: 4.952 Thread 0x000002bcc6052000 DEOPT PACKING pc=0x000002bcb3a6d130 sp=0x000000ff661f6000
Event: 4.952 Thread 0x000002bcc6052000 DEOPT UNPACKING pc=0x000002bcabe5662f sp=0x000000ff661f5f98 mode 2
Event: 4.954 Thread 0x000002bcc6052000 Uncommon trap: trap_request=0xffffff4d fr.pc=0x000002bcb3a31164 relative=0x0000000000000364
Event: 4.954 Thread 0x000002bcc6052000 Uncommon trap: reason=unstable_if action=reinterpret pc=0x000002bcb3a31164 method=jdk.internal.org.objectweb.asm.Type.getArgumentsAndReturnSizes(Ljava/lang/String;)I @ 136 c2
Event: 4.954 Thread 0x000002bcc6052000 DEOPT PACKING pc=0x000002bcb3a31164 sp=0x000000ff661f5e20
Event: 4.954 Thread 0x000002bcc6052000 DEOPT UNPACKING pc=0x000002bcabe5662f sp=0x000000ff661f5dc8 mode 2
Event: 4.956 Thread 0x000002bcc6052000 Uncommon trap: trap_request=0xffffff5c fr.pc=0x000002bcb39a2520 relative=0x0000000000000e60
Event: 4.956 Thread 0x000002bcc6052000 Uncommon trap: reason=speculate_null_assert action=make_not_entrant pc=0x000002bcb39a2520 method=jdk.internal.loader.URLClassPath$JarLoader.getResource(Ljava/lang/String;ZLjava/util/Set;)Ljdk/internal/loader/Resource; @ 17 c2
Event: 4.956 Thread 0x000002bcc6052000 DEOPT PACKING pc=0x000002bcb39a2520 sp=0x000000ff661f4e30
Event: 4.956 Thread 0x000002bcc6052000 DEOPT UNPACKING pc=0x000002bcabe5662f sp=0x000000ff661f4dd8 mode 2

Classes redefined (0 events):
No events

Internal exceptions (20 events):
Event: 4.133 Thread 0x000002bcc6052000 Implicit null exception at 0x000002bcb397352f to 0x000002bcb397359d
Event: 4.306 Thread 0x000002bcc6052000 Exception <a 'java/lang/NoSuchMethodError'{0x00000000864aca48}: 'java.lang.Object java.lang.invoke.Invokers$Holder.linkToTargetMethod(java.lang.Object, java.lang.Object, java.lang.Object, java.lang.Object, java.lang.Object, java.lang.Object, java.lang.Object, java.lang.Object)'> (0x00000000864aca48) thrown at [./src/hotspot/share/interpreter/linkResolver.cpp, line 773]
Event: 4.310 Thread 0x000002bcc6052000 Exception <a 'java/lang/NoSuchMethodError'{0x00000000864e1778}: 'java.lang.Object java.lang.invoke.DirectMethodHandle$Holder.invokeVirtual(java.lang.Object, java.lang.Object, java.lang.Object)'> (0x00000000864e1778) thrown at [./src/hotspot/share/interpreter/linkResolver.cpp, line 773]
Event: 4.324 Thread 0x000002bcc6052000 Exception <a 'java/lang/NoSuchMethodError'{0x00000000863bcb98}: 'java.lang.Object java.lang.invoke.Invokers$Holder.linkToTargetMethod(java.lang.Object, java.lang.Object, java.lang.Object, java.lang.Object, java.lang.Object, java.lang.Object, java.lang.Object)'> (0x00000000863bcb98) thrown at [./src/hotspot/share/interpreter/linkResolver.cpp, line 773]
Event: 4.327 Thread 0x000002bcc6052000 Exception <a 'java/lang/IncompatibleClassChangeError'{0x00000000863fca70}: Found class java.lang.Object, but interface was expected> (0x00000000863fca70) thrown at [./src/hotspot/share/interpreter/linkResolver.cpp, line 839]
Event: 4.377 Thread 0x000002bcc6052000 Exception <a 'java/lang/NoSuchMethodError'{0x0000000085fcdd40}: 'int java.lang.invoke.DirectMethodHandle$Holder.invokeVirtual(java.lang.Object, java.lang.Object)'> (0x0000000085fcdd40) thrown at [./src/hotspot/share/interpreter/linkResolver.cpp, line 773]
Event: 4.698 Thread 0x000002bcc6052000 Exception <a 'java/lang/NoSuchMethodError'{0x0000000084fda798}: 'void java.lang.invoke.DirectMethodHandle$Holder.invokeStaticInit(java.lang.Object, java.lang.Object, java.lang.Object)'> (0x0000000084fda798) thrown at [./src/hotspot/share/interpreter/linkResolver.cpp, line 773]
Event: 4.700 Thread 0x000002bcc6052000 Exception <a 'java/lang/NoSuchMethodError'{0x0000000084fe1570}: 'void java.lang.invoke.DirectMethodHandle$Holder.invokeStaticInit(java.lang.Object, java.lang.Object, java.lang.Object, java.lang.Object)'> (0x0000000084fe1570) thrown at [./src/hotspot/share/interpreter/linkResolver.cpp, line 773]
Event: 4.704 Thread 0x000002bcc6052000 Exception <a 'java/lang/NoSuchMethodError'{0x0000000084e04068}: 'void java.lang.invoke.DirectMethodHandle$Holder.invokeStaticInit(java.lang.Object, java.lang.Object, java.lang.Object, java.lang.Object, java.lang.Object)'> (0x0000000084e04068) thrown at [./src/hotspot/share/interpreter/linkResolver.cpp, line 773]
Event: 4.746 Thread 0x000002bcc6052000 Exception <a 'java/lang/NoSuchMethodError'{0x0000000084e66370}: 'int java.lang.invoke.DirectMethodHandle$Holder.invokeStaticInit(java.lang.Object, java.lang.Object, java.lang.Object, java.lang.Object)'> (0x0000000084e66370) thrown at [./src/hotspot/share/interpreter/linkResolver.cpp, line 773]
Event: 4.941 Thread 0x000002bcc6052000 Exception <a 'java/lang/NoSuchMethodError'{0x00000000844e8100}: 'java.lang.Object java.lang.invoke.DirectMethodHandle$Holder.invokeStatic(java.lang.Object, java.lang.Object, java.lang.Object, java.lang.Object, java.lang.Object, java.lang.Object, java.lang.Object, java.lang.Object, java.lang.Object, java.lang.Object, java.lang.Object, int)'> (0x00000000844e8100) thrown at [./src/hotspot/share/interpreter/linkResolver.cpp, line 773]
Event: 4.951 Thread 0x000002bcc6052000 Exception <a 'java/lang/NoSuchMethodError'{0x0000000087f087b0}: 'java.lang.Object java.lang.invoke.DirectMethodHandle$Holder.invokeStatic(java.lang.Object, java.lang.Object, java.lang.Object, java.lang.Object, java.lang.Object, java.lang.Object, java.lang.Object, java.lang.Object, java.lang.Object, java.lang.Object, java.lang.Object, int, int)'> (0x0000000087f087b0) thrown at [./src/hotspot/share/interpreter/linkResolver.cpp, line 773]
Event: 4.953 Thread 0x000002bcc6052000 Exception <a 'java/lang/NoSuchMethodError'{0x0000000087f28380}: 'java.lang.Object java.lang.invoke.DirectMethodHandle$Holder.invokeStatic(java.lang.Object, java.lang.Object, java.lang.Object, java.lang.Object, java.lang.Object, java.lang.Object, java.lang.Object, java.lang.Object, java.lang.Object, java.lang.Object, java.lang.Object, int, int, java.lang.Object)'> (0x0000000087f28380) thrown at [./src/hotspot/share/interpreter/linkResolver.cpp, line 773]
Event: 4.955 Thread 0x000002bcc6052000 Exception <a 'java/lang/NoSuchMethodError'{0x0000000087f49478}: 'java.lang.Object java.lang.invoke.DirectMethodHandle$Holder.invokeStatic(java.lang.Object, java.lang.Object, java.lang.Object, java.lang.Object, java.lang.Object, java.lang.Object, java.lang.Object, java.lang.Object, java.lang.Object, java.lang.Object, java.lang.Object, int, int, java.lang.Object, java.lang.Object)'> (0x0000000087f49478) thrown at [./src/hotspot/share/interpreter/linkResolver.cpp, line 773]
Event: 4.958 Thread 0x000002bcc6052000 Exception <a 'java/lang/ClassNotFoundException'{0x0000000087f781b0}: groovy/lang/ExpandoMetaClassBeanInfo> (0x0000000087f781b0) thrown at [./src/hotspot/share/classfile/systemDictionary.cpp, line 231]
Event: 4.959 Thread 0x000002bcc6052000 Exception <a 'java/lang/ClassNotFoundException'{0x0000000087facc70}: groovy/lang/MetaClassImplBeanInfo> (0x0000000087facc70) thrown at [./src/hotspot/share/classfile/systemDictionary.cpp, line 231]
Event: 4.959 Thread 0x000002bcc6052000 Exception <a 'java/lang/ClassNotFoundException'{0x0000000087fb5c80}: java/lang/ObjectBeanInfo> (0x0000000087fb5c80) thrown at [./src/hotspot/share/classfile/systemDictionary.cpp, line 231]
Event: 4.960 Thread 0x000002bcc6052000 Exception <a 'java/lang/ClassNotFoundException'{0x0000000087fc0e28}: java/lang/ObjectCustomizer> (0x0000000087fc0e28) thrown at [./src/hotspot/share/classfile/systemDictionary.cpp, line 231]
Event: 4.969 Thread 0x000002bcc6052000 Exception <a 'java/lang/ClassNotFoundException'{0x0000000087fe6bc8}: groovy/lang/MetaClassImplCustomizer> (0x0000000087fe6bc8) thrown at [./src/hotspot/share/classfile/systemDictionary.cpp, line 231]
Event: 4.972 Thread 0x000002bcc6052000 Exception <a 'java/lang/ClassNotFoundException'{0x0000000087e25fb8}: groovy/lang/ExpandoMetaClassCustomizer> (0x0000000087e25fb8) thrown at [./src/hotspot/share/classfile/systemDictionary.cpp, line 231]

Events (20 events):
Event: 4.989 loading class org/codehaus/groovy/ast/CodeVisitorSupport done
Event: 4.989 loading class org/codehaus/groovy/ast/GroovyCodeVisitor
Event: 4.989 loading class org/codehaus/groovy/ast/GroovyCodeVisitor done
Event: 4.990 loading class org/codehaus/groovy/ast/expr/TupleExpression
Event: 4.990 loading class org/codehaus/groovy/ast/expr/TupleExpression done
Event: 4.991 loading class org/codehaus/groovy/ast/expr/ArgumentListExpression
Event: 4.991 loading class org/codehaus/groovy/ast/expr/ArgumentListExpression done
Event: 4.991 loading class org/codehaus/groovy/ast/expr/TernaryExpression
Event: 4.991 loading class org/codehaus/groovy/ast/expr/TernaryExpression done
Event: 4.992 loading class org/codehaus/groovy/ast/expr/ElvisOperatorExpression
Event: 4.992 loading class org/codehaus/groovy/ast/expr/ElvisOperatorExpression done
Event: 4.992 loading class org/codehaus/groovy/ast/expr/MethodPointerExpression
Event: 4.992 loading class org/codehaus/groovy/ast/expr/MethodPointerExpression done
Event: 4.992 loading class org/codehaus/groovy/ast/expr/MethodReferenceExpression
Event: 4.992 loading class org/codehaus/groovy/ast/expr/MethodReferenceExpression done
Event: 4.993 loading class org/codehaus/groovy/ast/expr/ClosureExpression
Event: 4.993 loading class org/codehaus/groovy/ast/expr/ClosureExpression done
Event: 4.993 loading class org/codehaus/groovy/ast/expr/LambdaExpression
Event: 4.993 loading class org/codehaus/groovy/ast/expr/LambdaExpression done
Event: 4.993 Executing VM operation: CollectForMetadataAllocation


Dynamic libraries:
0x00007ff6c8990000 - 0x00007ff6c899a000 	C:\Program Files\Android\Android Studio\jre\bin\java.exe
0x00007ffe60990000 - 0x00007ffe60b85000 	C:\Windows\SYSTEM32\ntdll.dll
0x00007ffe60890000 - 0x00007ffe6094d000 	C:\Windows\System32\KERNEL32.DLL
0x00007ffe5e2a0000 - 0x00007ffe5e569000 	C:\Windows\System32\KERNELBASE.dll
0x00007ffe5e1a0000 - 0x00007ffe5e2a0000 	C:\Windows\System32\ucrtbase.dll
0x00007ffe2d4d0000 - 0x00007ffe2d4e9000 	C:\Program Files\Android\Android Studio\jre\bin\jli.dll
0x00007ffe327c0000 - 0x00007ffe327d7000 	C:\Program Files\Android\Android Studio\jre\bin\VCRUNTIME140.dll
0x00007ffe5f3c0000 - 0x00007ffe5f560000 	C:\Windows\System32\USER32.dll
0x00007ffe5e7c0000 - 0x00007ffe5e7e2000 	C:\Windows\System32\win32u.dll
0x00007ffe5f0a0000 - 0x00007ffe5f0ca000 	C:\Windows\System32\GDI32.dll
0x00007ffe52cd0000 - 0x00007ffe52f6a000 	C:\Windows\WinSxS\amd64_microsoft.windows.common-controls_6595b64144ccf1df_6.0.19041.1110_none_60b5254171f9507e\COMCTL32.dll
0x00007ffe5e570000 - 0x00007ffe5e67b000 	C:\Windows\System32\gdi32full.dll
0x00007ffe60190000 - 0x00007ffe6022e000 	C:\Windows\System32\msvcrt.dll
0x00007ffe5e950000 - 0x00007ffe5e9ed000 	C:\Windows\System32\msvcp_win.dll
0x00007ffe5ec30000 - 0x00007ffe5ec60000 	C:\Windows\System32\IMM32.DLL
0x00007ffe17cc0000 - 0x00007ffe17d5d000 	C:\Program Files\Android\Android Studio\jre\bin\msvcp140.dll
0x00007ffe17d60000 - 0x00007ffe18835000 	C:\Program Files\Android\Android Studio\jre\bin\server\jvm.dll
0x00007ffe5f310000 - 0x00007ffe5f3bc000 	C:\Windows\System32\ADVAPI32.dll
0x00007ffe5f560000 - 0x00007ffe5f5fb000 	C:\Windows\System32\sechost.dll
0x00007ffe5f0d0000 - 0x00007ffe5f1fa000 	C:\Windows\System32\RPCRT4.dll
0x00007ffe5f740000 - 0x00007ffe5f748000 	C:\Windows\System32\PSAPI.DLL
0x00007ffe4d060000 - 0x00007ffe4d069000 	C:\Windows\SYSTEM32\WSOCK32.dll
0x00007ffe561f0000 - 0x00007ffe561fa000 	C:\Windows\SYSTEM32\VERSION.dll
0x00007ffe52af0000 - 0x00007ffe52b17000 	C:\Windows\SYSTEM32\WINMM.dll
0x00007ffe600a0000 - 0x00007ffe6010b000 	C:\Windows\System32\WS2_32.dll
0x00007ffe5c9a0000 - 0x00007ffe5c9b2000 	C:\Windows\SYSTEM32\kernel.appcore.dll
0x00007ffe55c90000 - 0x00007ffe55ca1000 	C:\Program Files\Android\Android Studio\jre\bin\verify.dll
0x00007ffe5bd30000 - 0x00007ffe5bf14000 	C:\Windows\SYSTEM32\DBGHELP.DLL
0x00007ffe46c20000 - 0x00007ffe46c4c000 	C:\Windows\SYSTEM32\dbgcore.DLL
0x00007ffe5e110000 - 0x00007ffe5e193000 	C:\Windows\System32\bcryptPrimitives.dll
0x00007ffe3c890000 - 0x00007ffe3c8b9000 	C:\Program Files\Android\Android Studio\jre\bin\java.dll
0x00007ffe577a0000 - 0x00007ffe577ab000 	C:\Program Files\Android\Android Studio\jre\bin\jimage.dll
0x00007ffe3e8b0000 - 0x00007ffe3e8c8000 	C:\Program Files\Android\Android Studio\jre\bin\zip.dll
0x00007ffe5f880000 - 0x00007ffe5ffbf000 	C:\Windows\System32\SHELL32.dll
0x00007ffe5c0b0000 - 0x00007ffe5c840000 	C:\Windows\SYSTEM32\windows.storage.dll
0x00007ffe5ed40000 - 0x00007ffe5f095000 	C:\Windows\System32\combase.dll
0x00007ffe5da50000 - 0x00007ffe5da7c000 	C:\Windows\SYSTEM32\Wldp.dll
0x00007ffe5f610000 - 0x00007ffe5f6be000 	C:\Windows\System32\SHCORE.dll
0x00007ffe5f6e0000 - 0x00007ffe5f735000 	C:\Windows\System32\shlwapi.dll
0x00007ffe5e000000 - 0x00007ffe5e01f000 	C:\Windows\SYSTEM32\profapi.dll
0x00007ffe46f80000 - 0x00007ffe46f9a000 	C:\Program Files\Android\Android Studio\jre\bin\net.dll
0x00007ffe56500000 - 0x00007ffe56608000 	C:\Windows\SYSTEM32\WINHTTP.dll
0x00007ffe5d7b0000 - 0x00007ffe5d81a000 	C:\Windows\system32\mswsock.dll
0x00007ffe3a050000 - 0x00007ffe3a064000 	C:\Program Files\Android\Android Studio\jre\bin\nio.dll
0x00007ffe327e0000 - 0x00007ffe32807000 	C:\Users\DELL\.gradle\native\e1d6ef7f7dcc3fd88c89a11ec53ec762bb8ba0a96d01ffa2cd45eb1d1d8dd5c5\windows-amd64\native-platform.dll
0x00007ffe36360000 - 0x00007ffe364a4000 	C:\Users\DELL\.gradle\native\5664cfc778a61ccfe75a443a1ab52a65af34e5dc3c78e0209fed803814484fcb\windows-amd64\native-platform-file-events.dll
0x00007ffe577d0000 - 0x00007ffe577da000 	C:\Program Files\Android\Android Studio\jre\bin\management.dll
0x00007ffe56e50000 - 0x00007ffe56e5d000 	C:\Program Files\Android\Android Studio\jre\bin\management_ext.dll
0x00007ffe5d9b0000 - 0x00007ffe5d9c8000 	C:\Windows\SYSTEM32\CRYPTSP.dll
0x00007ffe5d130000 - 0x00007ffe5d164000 	C:\Windows\system32\rsaenh.dll
0x00007ffe5e790000 - 0x00007ffe5e7b7000 	C:\Windows\System32\bcrypt.dll
0x00007ffe5df80000 - 0x00007ffe5dfae000 	C:\Windows\SYSTEM32\USERENV.dll
0x00007ffe5d9a0000 - 0x00007ffe5d9ac000 	C:\Windows\SYSTEM32\CRYPTBASE.dll
0x00007ffe5d4a0000 - 0x00007ffe5d4db000 	C:\Windows\SYSTEM32\IPHLPAPI.DLL
0x00007ffe5ec60000 - 0x00007ffe5ec68000 	C:\Windows\System32\NSI.dll
0x00007ffe538a0000 - 0x00007ffe538b7000 	C:\Windows\SYSTEM32\dhcpcsvc6.DLL
0x00007ffe53970000 - 0x00007ffe5398d000 	C:\Windows\SYSTEM32\dhcpcsvc.DLL
0x00007ffe5d4e0000 - 0x00007ffe5d5ac000 	C:\Windows\SYSTEM32\DNSAPI.dll

dbghelp: loaded successfully - version: 4.0.5 - missing functions: none
symbol engine: initialized successfully - sym options: 0x614 - pdb path: .;C:\Program Files\Android\Android Studio\jre\bin;C:\Windows\SYSTEM32;C:\Windows\WinSxS\amd64_microsoft.windows.common-controls_6595b64144ccf1df_6.0.19041.1110_none_60b5254171f9507e;C:\Program Files\Android\Android Studio\jre\bin\server;C:\Users\DELL\.gradle\native\e1d6ef7f7dcc3fd88c89a11ec53ec762bb8ba0a96d01ffa2cd45eb1d1d8dd5c5\windows-amd64;C:\Users\DELL\.gradle\native\5664cfc778a61ccfe75a443a1ab52a65af34e5dc3c78e0209fed803814484fcb\windows-amd64

VM Arguments:
jvm_args: --add-opens=java.base/java.util=ALL-UNNAMED --add-opens=java.base/java.lang=ALL-UNNAMED --add-opens=java.base/java.lang.invoke=ALL-UNNAMED --add-opens=java.base/java.util=ALL-UNNAMED --add-opens=java.prefs/java.util.prefs=ALL-UNNAMED --add-opens=java.prefs/java.util.prefs=ALL-UNNAMED --add-opens=java.base/java.nio.charset=ALL-UNNAMED --add-opens=java.base/java.net=ALL-UNNAMED --add-opens=java.base/java.util.concurrent.atomic=ALL-UNNAMED -Xmx2048m -Dfile.encoding=UTF-8 -Duser.country=US -Duser.language=en -Duser.variant 
java_command: org.gradle.launcher.daemon.bootstrap.GradleDaemon 7.2
java_class_path (initial): C:\Users\DELL\.gradle\wrapper\dists\gradle-7.2-bin\2dnblmf4td7x66yl1d74lt32g\gradle-7.2\lib\gradle-launcher-7.2.jar
Launcher Type: SUN_STANDARD

[Global flags]
     intx CICompilerCount                          = 4                                         {product} {ergonomic}
     uint ConcGCThreads                            = 2                                         {product} {ergonomic}
     uint G1ConcRefinementThreads                  = 8                                         {product} {ergonomic}
   size_t G1HeapRegionSize                         = 1048576                                   {product} {ergonomic}
    uintx GCDrainStackTargetSize                   = 64                                        {product} {ergonomic}
   size_t InitialHeapSize                          = 134217728                                 {product} {ergonomic}
   size_t MarkStackSize                            = 4194304                                   {product} {ergonomic}
   size_t MaxHeapSize                              = 2147483648                                {product} {command line}
   size_t MaxNewSize                               = 1287651328                                {product} {ergonomic}
   size_t MinHeapDeltaBytes                        = 1048576                                   {product} {ergonomic}
    uintx NonNMethodCodeHeapSize                   = 5836300                                {pd product} {ergonomic}
    uintx NonProfiledCodeHeapSize                  = 122910970                              {pd product} {ergonomic}
    uintx ProfiledCodeHeapSize                     = 122910970                              {pd product} {ergonomic}
    uintx ReservedCodeCacheSize                    = 251658240                              {pd product} {ergonomic}
     bool SegmentedCodeCache                       = true                                      {product} {ergonomic}
     bool UseCompressedClassPointers               = true                                 {lp64_product} {ergonomic}
     bool UseCompressedOops                        = true                                 {lp64_product} {ergonomic}
     bool UseG1GC                                  = true                                      {product} {ergonomic}
     bool UseLargePagesIndividualAllocation        = false                                  {pd product} {ergonomic}

Logging:
Log output configuration:
 #0: stdout all=warning uptime,level,tags
 #1: stderr all=off uptime,level,tags

Environment Variables:
PATH=C:\Windows\system32;C:\Windows;C:\Windows\System32\Wbem;C:\Windows\System32\WindowsPowerShell\v1.0\;C:\Windows\System32\OpenSSH\;C:\Program Files\TortoiseGit\bin;C:\Program Files\Git\cmd;C:\Program Files\nodejs\;C:\Program Files\MySQL\MySQL Shell 8.0\bin\;C:\Users\DELL\AppData\Local\Programs\Python\Python39\Scripts\;C:\Users\DELL\AppData\Local\Programs\Python\Python39\;C:\Users\DELL\AppData\Local\Microsoft\WindowsApps;;C:\Program Files\JetBrains\PyCharm Community Edition 2021.1\bin;;C:\Users\DELL\AppData\Roaming\npm;C:\Users\DELL\AppData\Local\Programs\Microsoft VS Code\bin
USERNAME=DELL
OS=Windows_NT
PROCESSOR_IDENTIFIER=Intel64 Family 6 Model 142 Stepping 10, GenuineIntel



---------------  S Y S T E M  ---------------

OS: Windows 10 , 64 bit Build 19041 (10.0.19041.1151)
OS uptime: 3 days 20:44 hours

CPU:total 8 (initial active 8) (4 cores per cpu, 2 threads per core) family 6 model 142 stepping 10 microcode 0xea, cmov, cx8, fxsr, mmx, sse, sse2, sse3, ssse3, sse4.1, sse4.2, popcnt, avx, avx2, aes, clmul, erms, 3dnowpref, lzcnt, ht, tsc, tscinvbit, bmi1, bmi2, adx, fma

Memory: 4k page, system-wide physical 8089M (2098M free)
TotalPageFile size 12953M (AvailPageFile size 4741M)
current process WorkingSet (physical memory assigned to process): 247M, peak: 247M
current process commit charge ("private bytes"): 309M, peak: 313M

vm_info: OpenJDK 64-Bit Server VM (11.0.11+9-b60-7590822) for windows-amd64 JRE (11.0.11+9-b60-7590822), built on Jul 29 2021 21:43:44 by "builder" with MS VC++ 14.0 (VS2015)

END.
